<?xml version="1.0" encoding="UTF-8"?>
<!-- Generated by org.testng.reporters.JUnitReportReporter -->
<testsuite skipped="0" hostname="Dell-PC" name="com.ijmeet.functionaltests.JoinMeetingTestCases" tests="1" failures="0" timestamp="11 Sep 2020 08:52:19 GMT" time="0.294" errors="0">
  <testcase name="verifyMeetingIdTextboxTest" time="0.294" classname="com.ijmeet.functionaltests.JoinMeetingTestCases"/>
</testsuite> <!-- com.ijmeet.functionaltests.JoinMeetingTestCases -->
