<?xml version="1.0" encoding="UTF-8"?>
<!-- Generated by org.testng.reporters.JUnitReportReporter -->
<testsuite skipped="0" hostname="Dell-PC" name="com.ijmeet.functionaltests.HomePageTestThrKeywords" tests="1" failures="0" timestamp="10 Sep 2020 04:34:17 GMT" time="118.985" errors="0">
  <testcase name="verifyWindowsVisibleAndClickable" time="118.985" classname="com.ijmeet.functionaltests.HomePageTestThrKeywords"/>
</testsuite> <!-- com.ijmeet.functionaltests.HomePageTestThrKeywords -->
