<?xml version="1.0" encoding="UTF-8"?>
<!-- Generated by org.testng.reporters.JUnitReportReporter -->
<testsuite skipped="0" hostname="Dell-PC" name="com.ijmeet.functionaltests.HomePageTestCases" tests="1" failures="0" timestamp="11 Sep 2020 11:29:08 GMT" time="5.367" errors="0">
  <testcase name="verifyIsLogoVisibilityTest" time="5.367" classname="com.ijmeet.functionaltests.HomePageTestCases"/>
</testsuite> <!-- com.ijmeet.functionaltests.HomePageTestCases -->
